0 info it worked if it ends with ok
1 verbose cli [ '/home/crippenre/applications/node-v6.11.3-linux-x64/bin/node',
1 verbose cli   '/home/crippenre/applications/node-v6.11.3-linux-x64/bin/npm',
1 verbose cli   'install' ]
2 info using npm@3.10.10
3 info using node@v6.11.3
4 silly loadCurrentTree Starting
5 silly install loadCurrentTree
6 silly install readLocalPackageData
7 silly install normalizeTree
8 silly loadCurrentTree Finishing
9 silly loadIdealTree Starting
10 silly install loadIdealTree
11 silly cloneCurrentTree Starting
12 silly install cloneCurrentTreeToIdealTree
13 silly cloneCurrentTree Finishing
14 silly loadShrinkwrap Starting
15 silly install loadShrinkwrap
16 silly loadShrinkwrap Finishing
17 silly loadAllDepsIntoIdealTree Starting
18 silly install loadAllDepsIntoIdealTree
19 silly fetchNamedPackageData fsevents
20 silly mapToRegistry name fsevents
21 silly mapToRegistry using default registry
22 silly mapToRegistry registry https://registry.npmjs.org/
23 silly mapToRegistry data Result {
23 silly mapToRegistry   raw: 'fsevents',
23 silly mapToRegistry   scope: null,
23 silly mapToRegistry   escapedName: 'fsevents',
23 silly mapToRegistry   name: 'fsevents',
23 silly mapToRegistry   rawSpec: '',
23 silly mapToRegistry   spec: 'latest',
23 silly mapToRegistry   type: 'tag' }
24 silly mapToRegistry uri https://registry.npmjs.org/fsevents
25 verbose request uri https://registry.npmjs.org/fsevents
26 verbose request no auth needed
27 info attempt registry request try #1 at 3:58:41 PM
28 verbose request id 6e85cab777fb7071
29 verbose etag W/"5a143ee2-e500"
30 verbose lastModified Tue, 21 Nov 2017 14:57:38 GMT
31 http request GET https://registry.npmjs.org/fsevents
32 http 304 https://registry.npmjs.org/fsevents
33 verbose headers { date: 'Mon, 27 Nov 2017 21:58:34 GMT',
33 verbose headers   via: '1.1 varnish',
33 verbose headers   'cache-control': 'max-age=300',
33 verbose headers   etag: 'W/"5a143ee2-e500"',
33 verbose headers   age: '276',
33 verbose headers   connection: 'keep-alive',
33 verbose headers   'x-served-by': 'cache-dca17729-DCA',
33 verbose headers   'x-cache': 'HIT',
33 verbose headers   'x-cache-hits': '3',
33 verbose headers   'x-timer': 'S1511819914.081868,VS0,VE0',
33 verbose headers   vary: 'Accept-Encoding, Accept' }
34 silly get cb [ 304,
34 silly get   { date: 'Mon, 27 Nov 2017 21:58:34 GMT',
34 silly get     via: '1.1 varnish',
34 silly get     'cache-control': 'max-age=300',
34 silly get     etag: 'W/"5a143ee2-e500"',
34 silly get     age: '276',
34 silly get     connection: 'keep-alive',
34 silly get     'x-served-by': 'cache-dca17729-DCA',
34 silly get     'x-cache': 'HIT',
34 silly get     'x-cache-hits': '3',
34 silly get     'x-timer': 'S1511819914.081868,VS0,VE0',
34 silly get     vary: 'Accept-Encoding, Accept' } ]
35 verbose etag https://registry.npmjs.org/fsevents from cache
36 verbose get saving fsevents to /home/crippenre/.npm/registry.npmjs.org/fsevents/.cache.json
37 verbose correctMkdir /home/crippenre/.npm correctMkdir not in flight; initializing
38 silly resolveWithNewModule fsevents@1.1.3 checking installable status
39 silly loadAllDepsIntoIdealTree Finishing
40 silly loadIdealTree Finishing
41 silly currentTree vscode-joy-editor@0.0.9
41 silly currentTree ├── @types/jquery@3.2.13
41 silly currentTree ├── @types/jsdom@11.0.2
41 silly currentTree ├── @types/mocha@2.2.43
41 silly currentTree ├── @types/node@6.0.88
41 silly currentTree ├── @types/tough-cookie@2.3.1
41 silly currentTree ├─┬ acorn-dynamic-import@2.0.2
41 silly currentTree │ └── acorn@4.0.13
41 silly currentTree ├── acorn@5.1.2
41 silly currentTree ├── ajv-keywords@2.1.0
41 silly currentTree ├── ajv@5.2.3
41 silly currentTree ├── align-text@0.1.4
41 silly currentTree ├── ansi-regex@2.1.1
41 silly currentTree ├── ansi-styles@3.2.0
41 silly currentTree ├── anymatch@1.3.2
41 silly currentTree ├── arr-diff@2.0.0
41 silly currentTree ├── arr-flatten@1.1.0
41 silly currentTree ├── array-differ@1.0.0
41 silly currentTree ├── array-union@1.0.2
41 silly currentTree ├── array-uniq@1.0.3
41 silly currentTree ├── array-unique@0.2.1
41 silly currentTree ├── arrify@1.0.1
41 silly currentTree ├── asn1.js@4.9.1
41 silly currentTree ├── asn1@0.2.3
41 silly currentTree ├── assert-plus@0.2.0
41 silly currentTree ├── assert@1.4.1
41 silly currentTree ├── async-each@1.0.1
41 silly currentTree ├── async@2.5.0
41 silly currentTree ├── asynckit@0.4.0
41 silly currentTree ├── aws-sign2@0.6.0
41 silly currentTree ├── aws4@1.6.0
41 silly currentTree ├── balanced-match@1.0.0
41 silly currentTree ├── base64-js@1.2.1
41 silly currentTree ├── bcrypt-pbkdf@1.0.1
41 silly currentTree ├── beeper@1.1.1
41 silly currentTree ├── big.js@3.2.0
41 silly currentTree ├── binary-extensions@1.10.0
41 silly currentTree ├── block-stream@0.0.9
41 silly currentTree ├── bn.js@4.11.8
41 silly currentTree ├── boom@2.10.1
41 silly currentTree ├── brace-expansion@1.1.8
41 silly currentTree ├── braces@1.8.5
41 silly currentTree ├── brorand@1.1.0
41 silly currentTree ├── browser-stdout@1.3.0
41 silly currentTree ├── browserify-aes@1.0.8
41 silly currentTree ├── browserify-cipher@1.0.0
41 silly currentTree ├── browserify-des@1.0.0
41 silly currentTree ├── browserify-rsa@4.0.1
41 silly currentTree ├── browserify-sign@4.0.4
41 silly currentTree ├── browserify-zlib@0.1.4
41 silly currentTree ├── buffer-crc32@0.2.13
41 silly currentTree ├── buffer-xor@1.0.3
41 silly currentTree ├── buffer@4.9.1
41 silly currentTree ├── builtin-modules@1.1.1
41 silly currentTree ├── builtin-status-codes@3.0.0
41 silly currentTree ├── camelcase@1.2.1
41 silly currentTree ├── caseless@0.11.0
41 silly currentTree ├── center-align@0.1.3
41 silly currentTree ├─┬ chalk@2.1.0
41 silly currentTree │ ├── escape-string-regexp@1.0.5
41 silly currentTree │ └── supports-color@4.4.0
41 silly currentTree ├─┬ chokidar@1.7.0
41 silly currentTree │ ├── glob-parent@2.0.0
41 silly currentTree │ ├── is-extglob@1.0.0
41 silly currentTree │ └── is-glob@2.0.1
41 silly currentTree ├── cipher-base@1.0.4
41 silly currentTree ├── cliui@2.1.0
41 silly currentTree ├── clone-buffer@1.0.0
41 silly currentTree ├── clone-stats@0.0.1
41 silly currentTree ├── clone@1.0.2
41 silly currentTree ├── cloneable-readable@1.0.0
41 silly currentTree ├── co@4.6.0
41 silly currentTree ├── code-point-at@1.1.0
41 silly currentTree ├── color-convert@1.9.0
41 silly currentTree ├── color-name@1.1.3
41 silly currentTree ├── combined-stream@1.0.5
41 silly currentTree ├── commander@2.3.0
41 silly currentTree ├── concat-map@0.0.1
41 silly currentTree ├── console-browserify@1.1.0
41 silly currentTree ├── constants-browserify@1.0.0
41 silly currentTree ├── convert-source-map@1.5.0
41 silly currentTree ├── core-util-is@1.0.2
41 silly currentTree ├── create-ecdh@4.0.0
41 silly currentTree ├── create-hash@1.1.3
41 silly currentTree ├── create-hmac@1.1.6
41 silly currentTree ├─┬ cross-spawn@5.1.0
41 silly currentTree │ └── lru-cache@4.1.1
41 silly currentTree ├── cryptiles@2.0.5
41 silly currentTree ├── crypto-browserify@3.11.1
41 silly currentTree ├── d@1.0.0
41 silly currentTree ├─┬ dashdash@1.14.1
41 silly currentTree │ └── assert-plus@1.0.0
41 silly currentTree ├── date-now@0.1.4
41 silly currentTree ├── dateformat@2.2.0
41 silly currentTree ├── debug@2.2.0
41 silly currentTree ├── decamelize@1.2.0
41 silly currentTree ├── deep-assign@1.0.0
41 silly currentTree ├── delayed-stream@1.0.0
41 silly currentTree ├── des.js@1.0.0
41 silly currentTree ├── diff@1.4.0
41 silly currentTree ├── diffie-hellman@5.0.2
41 silly currentTree ├── domain-browser@1.1.7
41 silly currentTree ├── duplexer@0.1.1
41 silly currentTree ├─┬ duplexer2@0.0.2
41 silly currentTree │ ├── isarray@0.0.1
41 silly currentTree │ ├── readable-stream@1.1.14
41 silly currentTree │ └── string_decoder@0.10.31
41 silly currentTree ├── duplexify@3.5.1
41 silly currentTree ├── ecc-jsbn@0.1.1
41 silly currentTree ├── elliptic@6.4.0
41 silly currentTree ├── emojis-list@2.1.0
41 silly currentTree ├── end-of-stream@1.4.0
41 silly currentTree ├── enhanced-resolve@3.4.1
41 silly currentTree ├── errno@0.1.4
41 silly currentTree ├── error-ex@1.3.1
41 silly currentTree ├── es5-ext@0.10.30
41 silly currentTree ├── es6-iterator@2.0.1
41 silly currentTree ├── es6-map@0.1.5
41 silly currentTree ├── es6-set@0.1.5
41 silly currentTree ├── es6-symbol@3.1.1
41 silly currentTree ├── es6-weak-map@2.0.2
41 silly currentTree ├── escape-string-regexp@1.0.2
41 silly currentTree ├── escope@3.6.0
41 silly currentTree ├── esrecurse@4.2.0
41 silly currentTree ├── estraverse@4.2.0
41 silly currentTree ├── event-emitter@0.3.5
41 silly currentTree ├── event-stream@3.3.4
41 silly currentTree ├── events@1.1.1
41 silly currentTree ├── evp_bytestokey@1.0.3
41 silly currentTree ├── execa@0.7.0
41 silly currentTree ├── expand-brackets@0.1.5
41 silly currentTree ├── expand-range@1.8.2
41 silly currentTree ├── extend-shallow@2.0.1
41 silly currentTree ├── extend@3.0.1
41 silly currentTree ├─┬ extglob@0.3.2
41 silly currentTree │ └── is-extglob@1.0.0
41 silly currentTree ├── extsprintf@1.3.0
41 silly currentTree ├─┬ fancy-log@1.3.0
41 silly currentTree │ ├── ansi-styles@2.2.1
41 silly currentTree │ ├── chalk@1.1.3
41 silly currentTree │ └── supports-color@2.0.0
41 silly currentTree ├── fast-deep-equal@1.0.0
41 silly currentTree ├── fd-slicer@1.0.1
41 silly currentTree ├── filename-regex@2.0.1
41 silly currentTree ├── fill-range@2.2.3
41 silly currentTree ├── find-up@2.1.0
41 silly currentTree ├── first-chunk-stream@1.0.0
41 silly currentTree ├── for-in@1.0.2
41 silly currentTree ├── for-own@0.1.5
41 silly currentTree ├── forever-agent@0.6.1
41 silly currentTree ├── form-data@2.1.4
41 silly currentTree ├── from@0.1.7
41 silly currentTree ├── fs.realpath@1.0.0
41 silly currentTree ├── fstream@1.0.11
41 silly currentTree ├── generate-function@2.0.0
41 silly currentTree ├── generate-object-property@1.2.0
41 silly currentTree ├── get-caller-file@1.0.2
41 silly currentTree ├── get-stream@3.0.0
41 silly currentTree ├─┬ getpass@0.1.7
41 silly currentTree │ └── assert-plus@1.0.0
41 silly currentTree ├─┬ glob-base@0.3.0
41 silly currentTree │ ├── glob-parent@2.0.0
41 silly currentTree │ ├── is-extglob@1.0.0
41 silly currentTree │ └── is-glob@2.0.1
41 silly currentTree ├── glob-parent@3.1.0
41 silly currentTree ├─┬ glob-stream@5.3.5
41 silly currentTree │ ├── glob@5.0.15
41 silly currentTree │ ├── isarray@0.0.1
41 silly currentTree │ ├── minimatch@3.0.4
41 silly currentTree │ ├── readable-stream@1.0.34
41 silly currentTree │ ├── string_decoder@0.10.31
41 silly currentTree │ └── through2@0.6.5
41 silly currentTree ├── glob@3.2.11
41 silly currentTree ├── glogg@1.0.0
41 silly currentTree ├── graceful-fs@4.1.11
41 silly currentTree ├── graceful-readlink@1.0.1
41 silly currentTree ├── growl@1.9.2
41 silly currentTree ├── gulp-chmod@2.0.0
41 silly currentTree ├── gulp-filter@5.0.1
41 silly currentTree ├─┬ gulp-gunzip@0.0.3
41 silly currentTree │ ├── clone@0.2.0
41 silly currentTree │ ├── isarray@0.0.1
41 silly currentTree │ ├── readable-stream@1.0.34
41 silly currentTree │ ├── string_decoder@0.10.31
41 silly currentTree │ ├── through2@0.6.5
41 silly currentTree │ └── vinyl@0.4.6
41 silly currentTree ├─┬ gulp-remote-src@0.4.3
41 silly currentTree │ ├── clone-stats@1.0.0
41 silly currentTree │ ├── replace-ext@1.0.0
41 silly currentTree │ ├── request@2.79.0
41 silly currentTree │ └── vinyl@2.0.2
41 silly currentTree ├─┬ gulp-sourcemaps@1.6.0
41 silly currentTree │ └── vinyl@1.2.0
41 silly currentTree ├── gulp-symdest@1.1.0
41 silly currentTree ├── gulp-untar@0.0.6
41 silly currentTree ├─┬ gulp-util@3.0.8
41 silly currentTree │ ├── ansi-styles@2.2.1
41 silly currentTree │ ├── chalk@1.1.3
41 silly currentTree │ ├── minimist@1.2.0
41 silly currentTree │ ├── object-assign@3.0.0
41 silly currentTree │ └── supports-color@2.0.0
41 silly currentTree ├─┬ gulp-vinyl-zip@1.4.0
41 silly currentTree │ ├── clone@0.2.0
41 silly currentTree │ ├── isarray@0.0.1
41 silly currentTree │ ├── readable-stream@1.0.34
41 silly currentTree │ ├── string_decoder@0.10.31
41 silly currentTree │ ├── through2@0.6.5
41 silly currentTree │ └── vinyl@0.4.6
41 silly currentTree ├── gulplog@1.0.0
41 silly currentTree ├── har-schema@2.0.0
41 silly currentTree ├─┬ har-validator@2.0.6
41 silly currentTree │ ├── ansi-styles@2.2.1
41 silly currentTree │ ├── chalk@1.1.3
41 silly currentTree │ ├── commander@2.11.0
41 silly currentTree │ └── supports-color@2.0.0
41 silly currentTree ├── has-ansi@2.0.0
41 silly currentTree ├── has-flag@2.0.0
41 silly currentTree ├── has-gulplog@0.1.0
41 silly currentTree ├── hash-base@2.0.2
41 silly currentTree ├── hash.js@1.1.3
41 silly currentTree ├── hawk@3.1.3
41 silly currentTree ├── he@1.1.1
41 silly currentTree ├── hmac-drbg@1.0.1
41 silly currentTree ├── hoek@2.16.3
41 silly currentTree ├── hosted-git-info@2.5.0
41 silly currentTree ├── http-signature@1.1.1
41 silly currentTree ├── https-browserify@0.0.1
41 silly currentTree ├── ieee754@1.1.8
41 silly currentTree ├── indexof@0.0.1
41 silly currentTree ├── inflight@1.0.6
41 silly currentTree ├── inherits@2.0.3
41 silly currentTree ├── interpret@1.0.4
41 silly currentTree ├── invert-kv@1.0.0
41 silly currentTree ├── is-arrayish@0.2.1
41 silly currentTree ├── is-binary-path@1.0.1
41 silly currentTree ├── is-buffer@1.1.5
41 silly currentTree ├── is-builtin-module@1.0.0
41 silly currentTree ├── is-dotfile@1.0.3
41 silly currentTree ├── is-equal-shallow@0.1.3
41 silly currentTree ├── is-extendable@0.1.1
41 silly currentTree ├── is-extglob@2.1.1
41 silly currentTree ├── is-fullwidth-code-point@1.0.0
41 silly currentTree ├── is-glob@3.1.0
41 silly currentTree ├── is-my-json-valid@2.16.1
41 silly currentTree ├── is-number@2.1.0
41 silly currentTree ├── is-obj@1.0.1
41 silly currentTree ├── is-posix-bracket@0.1.1
41 silly currentTree ├── is-primitive@2.0.0
41 silly currentTree ├── is-property@1.0.2
41 silly currentTree ├── is-stream@1.1.0
41 silly currentTree ├── is-typedarray@1.0.0
41 silly currentTree ├── is-utf8@0.2.1
41 silly currentTree ├── is-valid-glob@0.3.0
41 silly currentTree ├── is@3.2.1
41 silly currentTree ├── isarray@1.0.0
41 silly currentTree ├── isexe@2.0.0
41 silly currentTree ├── isobject@2.1.0
41 silly currentTree ├── isstream@0.1.2
41 silly currentTree ├─┬ jade@0.26.3
41 silly currentTree │ ├── commander@0.6.1
41 silly currentTree │ └── mkdirp@0.3.0
41 silly currentTree ├── jquery@3.2.1
41 silly currentTree ├── jsbn@0.1.1
41 silly currentTree ├── json-loader@0.5.7
41 silly currentTree ├── json-schema-traverse@0.3.1
41 silly currentTree ├── json-schema@0.2.3
41 silly currentTree ├── json-stable-stringify@1.0.1
41 silly currentTree ├── json-stringify-safe@5.0.1
41 silly currentTree ├── json3@3.3.2
41 silly currentTree ├── json5@0.5.1
41 silly currentTree ├── jsonify@0.0.0
41 silly currentTree ├── jsonpointer@4.0.1
41 silly currentTree ├─┬ jsprim@1.4.1
41 silly currentTree │ └── assert-plus@1.0.0
41 silly currentTree ├── kind-of@3.2.2
41 silly currentTree ├── lazy-cache@1.0.4
41 silly currentTree ├── lazystream@1.0.0
41 silly currentTree ├── lcid@1.0.0
41 silly currentTree ├─┬ load-json-file@2.0.0
41 silly currentTree │ └── strip-bom@3.0.0
41 silly currentTree ├── loader-runner@2.3.0
41 silly currentTree ├── loader-utils@1.1.0
41 silly currentTree ├── locate-path@2.0.0
41 silly currentTree ├── lodash._baseassign@3.2.0
41 silly currentTree ├── lodash._basecopy@3.0.1
41 silly currentTree ├── lodash._basecreate@3.0.3
41 silly currentTree ├── lodash._basetostring@3.0.1
41 silly currentTree ├── lodash._basevalues@3.0.0
41 silly currentTree ├── lodash._getnative@3.9.1
41 silly currentTree ├── lodash._isiterateecall@3.0.9
41 silly currentTree ├── lodash._reescape@3.0.0
41 silly currentTree ├── lodash._reevaluate@3.0.0
41 silly currentTree ├── lodash._reinterpolate@3.0.0
41 silly currentTree ├── lodash._root@3.0.1
41 silly currentTree ├── lodash.create@3.1.1
41 silly currentTree ├── lodash.escape@3.2.0
41 silly currentTree ├── lodash.isarguments@3.1.0
41 silly currentTree ├── lodash.isarray@3.0.4
41 silly currentTree ├── lodash.isequal@4.5.0
41 silly currentTree ├── lodash.keys@3.1.2
41 silly currentTree ├── lodash.restparam@3.6.1
41 silly currentTree ├── lodash.template@3.6.2
41 silly currentTree ├── lodash.templatesettings@3.1.1
41 silly currentTree ├── lodash@4.17.4
41 silly currentTree ├── longest@1.0.1
41 silly currentTree ├── lru-cache@2.7.3
41 silly currentTree ├── map-stream@0.1.0
41 silly currentTree ├─┬ md5.js@1.3.4
41 silly currentTree │ └── hash-base@3.0.4
41 silly currentTree ├── mem@1.1.0
41 silly currentTree ├── memory-fs@0.4.1
41 silly currentTree ├── merge-stream@1.0.1
41 silly currentTree ├─┬ micromatch@2.3.11
41 silly currentTree │ ├── is-extglob@1.0.0
41 silly currentTree │ └── is-glob@2.0.1
41 silly currentTree ├── miller-rabin@4.0.1
41 silly currentTree ├── mime-db@1.30.0
41 silly currentTree ├── mime-types@2.1.17
41 silly currentTree ├── mimic-fn@1.1.0
41 silly currentTree ├── minimalistic-assert@1.0.0
41 silly currentTree ├── minimalistic-crypto-utils@1.0.1
41 silly currentTree ├── minimatch@0.3.0
41 silly currentTree ├── minimist@0.0.8
41 silly currentTree ├── mkdirp@0.5.1
41 silly currentTree ├── mocha@2.5.3
41 silly currentTree ├── ms@0.7.1
41 silly currentTree ├─┬ multimatch@2.1.0
41 silly currentTree │ └── minimatch@3.0.4
41 silly currentTree ├── multipipe@0.1.2
41 silly currentTree ├── nan@2.8.0
41 silly currentTree ├─┬ node-libs-browser@2.0.0
41 silly currentTree │ └── string_decoder@0.10.31
41 silly currentTree ├── node.extend@1.1.6
41 silly currentTree ├── normalize-package-data@2.4.0
41 silly currentTree ├── normalize-path@2.1.1
41 silly currentTree ├── npm-run-path@2.0.2
41 silly currentTree ├── number-is-nan@1.0.1
41 silly currentTree ├── oauth-sign@0.8.2
41 silly currentTree ├── object-assign@4.1.1
41 silly currentTree ├── object.omit@2.0.1
41 silly currentTree ├── once@1.4.0
41 silly currentTree ├── ordered-read-streams@0.3.0
41 silly currentTree ├── os-browserify@0.2.1
41 silly currentTree ├── os-locale@2.1.0
41 silly currentTree ├── p-finally@1.0.0
41 silly currentTree ├── p-limit@1.1.0
41 silly currentTree ├── p-locate@2.0.0
41 silly currentTree ├── pako@0.2.9
41 silly currentTree ├── parse-asn1@5.1.0
41 silly currentTree ├─┬ parse-glob@3.0.4
41 silly currentTree │ ├── is-extglob@1.0.0
41 silly currentTree │ └── is-glob@2.0.1
41 silly currentTree ├── parse-json@2.2.0
41 silly currentTree ├── parse5@3.0.2
41 silly currentTree ├── path-browserify@0.0.0
41 silly currentTree ├── path-dirname@1.0.2
41 silly currentTree ├── path-exists@3.0.0
41 silly currentTree ├── path-is-absolute@1.0.1
41 silly currentTree ├── path-key@2.0.1
41 silly currentTree ├── path-type@2.0.0
41 silly currentTree ├── pause-stream@0.0.11
41 silly currentTree ├── pbkdf2@3.0.14
41 silly currentTree ├── pend@1.2.0
41 silly currentTree ├── performance-now@2.1.0
41 silly currentTree ├── pify@2.3.0
41 silly currentTree ├── pinkie-promise@2.0.1
41 silly currentTree ├── pinkie@2.0.4
41 silly currentTree ├── preserve@0.2.0
41 silly currentTree ├── process-nextick-args@1.0.7
41 silly currentTree ├── process@0.11.10
41 silly currentTree ├── prr@0.0.0
41 silly currentTree ├── pseudomap@1.0.2
41 silly currentTree ├── public-encrypt@4.0.0
41 silly currentTree ├── punycode@1.4.1
41 silly currentTree ├── qs@6.3.2
41 silly currentTree ├── querystring-es3@0.2.1
41 silly currentTree ├── querystring@0.2.0
41 silly currentTree ├── querystringify@1.0.0
41 silly currentTree ├── queue@3.1.0
41 silly currentTree ├─┬ randomatic@1.1.7
41 silly currentTree │ ├─┬ is-number@3.0.0
41 silly currentTree │ │ └── kind-of@3.2.2
41 silly currentTree │ └── kind-of@4.0.0
41 silly currentTree ├── randombytes@2.0.5
41 silly currentTree ├── read-pkg-up@2.0.0
41 silly currentTree ├── read-pkg@2.0.0
41 silly currentTree ├── readable-stream@2.3.3
41 silly currentTree ├─┬ readdirp@2.1.0
41 silly currentTree │ └── minimatch@3.0.4
41 silly currentTree ├── regex-cache@0.4.4
41 silly currentTree ├── remove-trailing-separator@1.1.0
41 silly currentTree ├── repeat-element@1.1.2
41 silly currentTree ├── repeat-string@1.6.1
41 silly currentTree ├── replace-ext@0.0.1
41 silly currentTree ├─┬ request@2.83.0
41 silly currentTree │ ├── assert-plus@1.0.0
41 silly currentTree │ ├── aws-sign2@0.7.0
41 silly currentTree │ ├── boom@4.3.1
41 silly currentTree │ ├── caseless@0.12.0
41 silly currentTree │ ├─┬ cryptiles@3.1.2
41 silly currentTree │ │ └── boom@5.2.0
41 silly currentTree │ ├── form-data@2.3.1
41 silly currentTree │ ├── har-validator@5.0.3
41 silly currentTree │ ├── hawk@6.0.2
41 silly currentTree │ ├── hoek@4.2.0
41 silly currentTree │ ├── http-signature@1.2.0
41 silly currentTree │ ├── qs@6.5.1
41 silly currentTree │ ├── sntp@2.0.2
41 silly currentTree │ └── tunnel-agent@0.6.0
41 silly currentTree ├── require-directory@2.1.1
41 silly currentTree ├── require-main-filename@1.0.1
41 silly currentTree ├── requires-port@1.0.0
41 silly currentTree ├── right-align@0.1.3
41 silly currentTree ├─┬ rimraf@2.6.2
41 silly currentTree │ ├── glob@7.1.2
41 silly currentTree │ └── minimatch@3.0.4
41 silly currentTree ├── ripemd160@2.0.1
41 silly currentTree ├── safe-buffer@5.1.1
41 silly currentTree ├── semver@5.4.1
41 silly currentTree ├── set-blocking@2.0.0
41 silly currentTree ├── set-immediate-shim@1.0.1
41 silly currentTree ├── setimmediate@1.0.5
41 silly currentTree ├── sha.js@2.4.9
41 silly currentTree ├── shebang-command@1.2.0
41 silly currentTree ├── shebang-regex@1.0.0
41 silly currentTree ├── sigmund@1.0.1
41 silly currentTree ├── signal-exit@3.0.2
41 silly currentTree ├── sntp@1.0.9
41 silly currentTree ├── source-list-map@2.0.0
41 silly currentTree ├── source-map-support@0.4.18
41 silly currentTree ├── source-map@0.5.7
41 silly currentTree ├── sparkles@1.0.0
41 silly currentTree ├── spdx-correct@1.0.2
41 silly currentTree ├── spdx-expression-parse@1.0.4
41 silly currentTree ├── spdx-license-ids@1.2.2
41 silly currentTree ├── split@0.3.3
41 silly currentTree ├─┬ sshpk@1.13.1
41 silly currentTree │ └── assert-plus@1.0.0
41 silly currentTree ├── stat-mode@0.2.2
41 silly currentTree ├── stream-browserify@2.0.1
41 silly currentTree ├── stream-combiner@0.0.4
41 silly currentTree ├── stream-http@2.7.2
41 silly currentTree ├── stream-shift@1.0.0
41 silly currentTree ├── streamfilter@1.0.5
41 silly currentTree ├── streamifier@0.1.1
41 silly currentTree ├── string_decoder@1.0.3
41 silly currentTree ├─┬ string-width@2.1.1
41 silly currentTree │ ├── ansi-regex@3.0.0
41 silly currentTree │ ├── is-fullwidth-code-point@2.0.0
41 silly currentTree │ └── strip-ansi@4.0.0
41 silly currentTree ├── stringstream@0.0.5
41 silly currentTree ├── strip-ansi@3.0.1
41 silly currentTree ├── strip-bom-stream@1.0.0
41 silly currentTree ├── strip-bom@2.0.0
41 silly currentTree ├── strip-eof@1.0.0
41 silly currentTree ├── supports-color@1.2.0
41 silly currentTree ├── tapable@0.2.8
41 silly currentTree ├── tar@2.2.1
41 silly currentTree ├── through@2.3.8
41 silly currentTree ├── through2-filter@2.0.0
41 silly currentTree ├── through2@2.0.3
41 silly currentTree ├── time-stamp@1.1.0
41 silly currentTree ├── timers-browserify@2.0.4
41 silly currentTree ├── to-absolute-glob@0.1.1
41 silly currentTree ├── to-arraybuffer@1.0.1
41 silly currentTree ├── to-iso-string@0.0.2
41 silly currentTree ├── tough-cookie@2.3.3
41 silly currentTree ├── ts-loader@2.3.7
41 silly currentTree ├── tty-browserify@0.0.0
41 silly currentTree ├── tunnel-agent@0.4.3
41 silly currentTree ├── tweetnacl@0.14.5
41 silly currentTree ├── typedarray-to-buffer@3.1.2
41 silly currentTree ├── typescript@2.5.3
41 silly currentTree ├─┬ uglify-js@2.8.29
41 silly currentTree │ └── yargs@3.10.0
41 silly currentTree ├── uglify-to-browserify@1.0.2
41 silly currentTree ├── uglifyjs-webpack-plugin@0.4.6
41 silly currentTree ├── unique-stream@2.2.1
41 silly currentTree ├── url-parse@1.1.9
41 silly currentTree ├─┬ url@0.11.0
41 silly currentTree │ └── punycode@1.3.2
41 silly currentTree ├── util-deprecate@1.0.2
41 silly currentTree ├─┬ util@0.10.3
41 silly currentTree │ └── inherits@2.0.1
41 silly currentTree ├── uuid@3.1.0
41 silly currentTree ├── vali-date@1.0.0
41 silly currentTree ├── validate-npm-package-license@3.0.1
41 silly currentTree ├─┬ verror@1.10.0
41 silly currentTree │ └── assert-plus@1.0.0
41 silly currentTree ├─┬ vinyl-fs@2.4.4
41 silly currentTree │ └── vinyl@1.2.0
41 silly currentTree ├─┬ vinyl-source-stream@1.1.0
41 silly currentTree │ ├── clone@0.2.0
41 silly currentTree │ ├── isarray@0.0.1
41 silly currentTree │ ├── readable-stream@1.0.34
41 silly currentTree │ ├── string_decoder@0.10.31
41 silly currentTree │ ├── through2@0.6.5
41 silly currentTree │ └── vinyl@0.4.6
41 silly currentTree ├── vinyl@0.5.3
41 silly currentTree ├── vm-browserify@0.0.4
41 silly currentTree ├─┬ vscode@1.1.5
41 silly currentTree │ ├── commander@2.9.0
41 silly currentTree │ ├── debug@2.6.8
41 silly currentTree │ ├── diff@3.2.0
41 silly currentTree │ ├── escape-string-regexp@1.0.5
41 silly currentTree │ ├── glob@7.1.2
41 silly currentTree │ ├── has-flag@1.0.0
41 silly currentTree │ ├── minimatch@3.0.4
41 silly currentTree │ ├─┬ mocha@3.5.3
41 silly currentTree │ │ └── glob@7.1.1
41 silly currentTree │ ├── ms@2.0.0
41 silly currentTree │ └── supports-color@3.1.2
41 silly currentTree ├── watchpack@1.4.0
41 silly currentTree ├── webpack-sources@1.0.1
41 silly currentTree ├─┬ webpack@3.6.0
41 silly currentTree │ └── supports-color@4.4.0
41 silly currentTree ├── websocket@1.0.25
41 silly currentTree ├── which-module@2.0.0
41 silly currentTree ├── which@1.3.0
41 silly currentTree ├── window-size@0.1.0
41 silly currentTree ├── wordwrap@0.0.2
41 silly currentTree ├─┬ wrap-ansi@2.1.0
41 silly currentTree │ └── string-width@1.0.2
41 silly currentTree ├── wrappy@1.0.2
41 silly currentTree ├── xtend@4.0.1
41 silly currentTree ├── y18n@3.2.1
41 silly currentTree ├── yaeti@0.0.6
41 silly currentTree ├── yallist@2.1.2
41 silly currentTree ├─┬ yargs-parser@7.0.0
41 silly currentTree │ └── camelcase@4.1.0
41 silly currentTree ├─┬ yargs@8.0.2
41 silly currentTree │ ├── camelcase@4.1.0
41 silly currentTree │ └─┬ cliui@3.2.0
41 silly currentTree │   └── string-width@1.0.2
41 silly currentTree ├── yauzl@2.8.0
41 silly currentTree └── yazl@2.4.2
42 silly idealTree vscode-joy-editor@0.0.9
42 silly idealTree ├── @types/jquery@3.2.13
42 silly idealTree ├── @types/jsdom@11.0.2
42 silly idealTree ├── @types/mocha@2.2.43
42 silly idealTree ├── @types/node@6.0.88
42 silly idealTree ├── @types/tough-cookie@2.3.1
42 silly idealTree ├─┬ acorn-dynamic-import@2.0.2
42 silly idealTree │ └── acorn@4.0.13
42 silly idealTree ├── acorn@5.1.2
42 silly idealTree ├── ajv-keywords@2.1.0
42 silly idealTree ├── ajv@5.2.3
42 silly idealTree ├── align-text@0.1.4
42 silly idealTree ├── ansi-regex@2.1.1
42 silly idealTree ├── ansi-styles@3.2.0
42 silly idealTree ├── anymatch@1.3.2
42 silly idealTree ├── arr-diff@2.0.0
42 silly idealTree ├── arr-flatten@1.1.0
42 silly idealTree ├── array-differ@1.0.0
42 silly idealTree ├── array-union@1.0.2
42 silly idealTree ├── array-uniq@1.0.3
42 silly idealTree ├── array-unique@0.2.1
42 silly idealTree ├── arrify@1.0.1
42 silly idealTree ├── asn1.js@4.9.1
42 silly idealTree ├── asn1@0.2.3
42 silly idealTree ├── assert-plus@0.2.0
42 silly idealTree ├── assert@1.4.1
42 silly idealTree ├── async-each@1.0.1
42 silly idealTree ├── async@2.5.0
42 silly idealTree ├── asynckit@0.4.0
42 silly idealTree ├── aws-sign2@0.6.0
42 silly idealTree ├── aws4@1.6.0
42 silly idealTree ├── balanced-match@1.0.0
42 silly idealTree ├── base64-js@1.2.1
42 silly idealTree ├── bcrypt-pbkdf@1.0.1
42 silly idealTree ├── beeper@1.1.1
42 silly idealTree ├── big.js@3.2.0
42 silly idealTree ├── binary-extensions@1.10.0
42 silly idealTree ├── block-stream@0.0.9
42 silly idealTree ├── bn.js@4.11.8
42 silly idealTree ├── boom@2.10.1
42 silly idealTree ├── brace-expansion@1.1.8
42 silly idealTree ├── braces@1.8.5
42 silly idealTree ├── brorand@1.1.0
42 silly idealTree ├── browser-stdout@1.3.0
42 silly idealTree ├── browserify-aes@1.0.8
42 silly idealTree ├── browserify-cipher@1.0.0
42 silly idealTree ├── browserify-des@1.0.0
42 silly idealTree ├── browserify-rsa@4.0.1
42 silly idealTree ├── browserify-sign@4.0.4
42 silly idealTree ├── browserify-zlib@0.1.4
42 silly idealTree ├── buffer-crc32@0.2.13
42 silly idealTree ├── buffer-xor@1.0.3
42 silly idealTree ├── buffer@4.9.1
42 silly idealTree ├── builtin-modules@1.1.1
42 silly idealTree ├── builtin-status-codes@3.0.0
42 silly idealTree ├── camelcase@1.2.1
42 silly idealTree ├── caseless@0.11.0
42 silly idealTree ├── center-align@0.1.3
42 silly idealTree ├─┬ chalk@2.1.0
42 silly idealTree │ ├── escape-string-regexp@1.0.5
42 silly idealTree │ └── supports-color@4.4.0
42 silly idealTree ├─┬ chokidar@1.7.0
42 silly idealTree │ ├── glob-parent@2.0.0
42 silly idealTree │ ├── is-extglob@1.0.0
42 silly idealTree │ └── is-glob@2.0.1
42 silly idealTree ├── cipher-base@1.0.4
42 silly idealTree ├── cliui@2.1.0
42 silly idealTree ├── clone-buffer@1.0.0
42 silly idealTree ├── clone-stats@0.0.1
42 silly idealTree ├── clone@1.0.2
42 silly idealTree ├── cloneable-readable@1.0.0
42 silly idealTree ├── co@4.6.0
42 silly idealTree ├── code-point-at@1.1.0
42 silly idealTree ├── color-convert@1.9.0
42 silly idealTree ├── color-name@1.1.3
42 silly idealTree ├── combined-stream@1.0.5
42 silly idealTree ├── commander@2.3.0
42 silly idealTree ├── concat-map@0.0.1
42 silly idealTree ├── console-browserify@1.1.0
42 silly idealTree ├── constants-browserify@1.0.0
42 silly idealTree ├── convert-source-map@1.5.0
42 silly idealTree ├── core-util-is@1.0.2
42 silly idealTree ├── create-ecdh@4.0.0
42 silly idealTree ├── create-hash@1.1.3
42 silly idealTree ├── create-hmac@1.1.6
42 silly idealTree ├─┬ cross-spawn@5.1.0
42 silly idealTree │ └── lru-cache@4.1.1
42 silly idealTree ├── cryptiles@2.0.5
42 silly idealTree ├── crypto-browserify@3.11.1
42 silly idealTree ├── d@1.0.0
42 silly idealTree ├─┬ dashdash@1.14.1
42 silly idealTree │ └── assert-plus@1.0.0
42 silly idealTree ├── date-now@0.1.4
42 silly idealTree ├── dateformat@2.2.0
42 silly idealTree ├── debug@2.2.0
42 silly idealTree ├── decamelize@1.2.0
42 silly idealTree ├── deep-assign@1.0.0
42 silly idealTree ├── delayed-stream@1.0.0
42 silly idealTree ├── des.js@1.0.0
42 silly idealTree ├── diff@1.4.0
42 silly idealTree ├── diffie-hellman@5.0.2
42 silly idealTree ├── domain-browser@1.1.7
42 silly idealTree ├── duplexer@0.1.1
42 silly idealTree ├─┬ duplexer2@0.0.2
42 silly idealTree │ ├── isarray@0.0.1
42 silly idealTree │ ├── readable-stream@1.1.14
42 silly idealTree │ └── string_decoder@0.10.31
42 silly idealTree ├── duplexify@3.5.1
42 silly idealTree ├── ecc-jsbn@0.1.1
42 silly idealTree ├── elliptic@6.4.0
42 silly idealTree ├── emojis-list@2.1.0
42 silly idealTree ├── end-of-stream@1.4.0
42 silly idealTree ├── enhanced-resolve@3.4.1
42 silly idealTree ├── errno@0.1.4
42 silly idealTree ├── error-ex@1.3.1
42 silly idealTree ├── es5-ext@0.10.30
42 silly idealTree ├── es6-iterator@2.0.1
42 silly idealTree ├── es6-map@0.1.5
42 silly idealTree ├── es6-set@0.1.5
42 silly idealTree ├── es6-symbol@3.1.1
42 silly idealTree ├── es6-weak-map@2.0.2
42 silly idealTree ├── escape-string-regexp@1.0.2
42 silly idealTree ├── escope@3.6.0
42 silly idealTree ├── esrecurse@4.2.0
42 silly idealTree ├── estraverse@4.2.0
42 silly idealTree ├── event-emitter@0.3.5
42 silly idealTree ├── event-stream@3.3.4
42 silly idealTree ├── events@1.1.1
42 silly idealTree ├── evp_bytestokey@1.0.3
42 silly idealTree ├── execa@0.7.0
42 silly idealTree ├── expand-brackets@0.1.5
42 silly idealTree ├── expand-range@1.8.2
42 silly idealTree ├── extend-shallow@2.0.1
42 silly idealTree ├── extend@3.0.1
42 silly idealTree ├─┬ extglob@0.3.2
42 silly idealTree │ └── is-extglob@1.0.0
42 silly idealTree ├── extsprintf@1.3.0
42 silly idealTree ├─┬ fancy-log@1.3.0
42 silly idealTree │ ├── ansi-styles@2.2.1
42 silly idealTree │ ├── chalk@1.1.3
42 silly idealTree │ └── supports-color@2.0.0
42 silly idealTree ├── fast-deep-equal@1.0.0
42 silly idealTree ├── fd-slicer@1.0.1
42 silly idealTree ├── filename-regex@2.0.1
42 silly idealTree ├── fill-range@2.2.3
42 silly idealTree ├── find-up@2.1.0
42 silly idealTree ├── first-chunk-stream@1.0.0
42 silly idealTree ├── for-in@1.0.2
42 silly idealTree ├── for-own@0.1.5
42 silly idealTree ├── forever-agent@0.6.1
42 silly idealTree ├── form-data@2.1.4
42 silly idealTree ├── from@0.1.7
42 silly idealTree ├── fs.realpath@1.0.0
42 silly idealTree ├── fstream@1.0.11
42 silly idealTree ├── generate-function@2.0.0
42 silly idealTree ├── generate-object-property@1.2.0
42 silly idealTree ├── get-caller-file@1.0.2
42 silly idealTree ├── get-stream@3.0.0
42 silly idealTree ├─┬ getpass@0.1.7
42 silly idealTree │ └── assert-plus@1.0.0
42 silly idealTree ├─┬ glob-base@0.3.0
42 silly idealTree │ ├── glob-parent@2.0.0
42 silly idealTree │ ├── is-extglob@1.0.0
42 silly idealTree │ └── is-glob@2.0.1
42 silly idealTree ├── glob-parent@3.1.0
42 silly idealTree ├─┬ glob-stream@5.3.5
42 silly idealTree │ ├── glob@5.0.15
42 silly idealTree │ ├── isarray@0.0.1
42 silly idealTree │ ├── minimatch@3.0.4
42 silly idealTree │ ├── readable-stream@1.0.34
42 silly idealTree │ ├── string_decoder@0.10.31
42 silly idealTree │ └── through2@0.6.5
42 silly idealTree ├── glob@3.2.11
42 silly idealTree ├── glogg@1.0.0
42 silly idealTree ├── graceful-fs@4.1.11
42 silly idealTree ├── graceful-readlink@1.0.1
42 silly idealTree ├── growl@1.9.2
42 silly idealTree ├── gulp-chmod@2.0.0
42 silly idealTree ├── gulp-filter@5.0.1
42 silly idealTree ├─┬ gulp-gunzip@0.0.3
42 silly idealTree │ ├── clone@0.2.0
42 silly idealTree │ ├── isarray@0.0.1
42 silly idealTree │ ├── readable-stream@1.0.34
42 silly idealTree │ ├── string_decoder@0.10.31
42 silly idealTree │ ├── through2@0.6.5
42 silly idealTree │ └── vinyl@0.4.6
42 silly idealTree ├─┬ gulp-remote-src@0.4.3
42 silly idealTree │ ├── clone-stats@1.0.0
42 silly idealTree │ ├── replace-ext@1.0.0
42 silly idealTree │ ├── request@2.79.0
42 silly idealTree │ └── vinyl@2.0.2
42 silly idealTree ├─┬ gulp-sourcemaps@1.6.0
42 silly idealTree │ └── vinyl@1.2.0
42 silly idealTree ├── gulp-symdest@1.1.0
42 silly idealTree ├── gulp-untar@0.0.6
42 silly idealTree ├─┬ gulp-util@3.0.8
42 silly idealTree │ ├── ansi-styles@2.2.1
42 silly idealTree │ ├── chalk@1.1.3
42 silly idealTree │ ├── minimist@1.2.0
42 silly idealTree │ ├── object-assign@3.0.0
42 silly idealTree │ └── supports-color@2.0.0
42 silly idealTree ├─┬ gulp-vinyl-zip@1.4.0
42 silly idealTree │ ├── clone@0.2.0
42 silly idealTree │ ├── isarray@0.0.1
42 silly idealTree │ ├── readable-stream@1.0.34
42 silly idealTree │ ├── string_decoder@0.10.31
42 silly idealTree │ ├── through2@0.6.5
42 silly idealTree │ └── vinyl@0.4.6
42 silly idealTree ├── gulplog@1.0.0
42 silly idealTree ├── har-schema@2.0.0
42 silly idealTree ├─┬ har-validator@2.0.6
42 silly idealTree │ ├── ansi-styles@2.2.1
42 silly idealTree │ ├── chalk@1.1.3
42 silly idealTree │ ├── commander@2.11.0
42 silly idealTree │ └── supports-color@2.0.0
42 silly idealTree ├── has-ansi@2.0.0
42 silly idealTree ├── has-flag@2.0.0
42 silly idealTree ├── has-gulplog@0.1.0
42 silly idealTree ├── hash-base@2.0.2
42 silly idealTree ├── hash.js@1.1.3
42 silly idealTree ├── hawk@3.1.3
42 silly idealTree ├── he@1.1.1
42 silly idealTree ├── hmac-drbg@1.0.1
42 silly idealTree ├── hoek@2.16.3
42 silly idealTree ├── hosted-git-info@2.5.0
42 silly idealTree ├── http-signature@1.1.1
42 silly idealTree ├── https-browserify@0.0.1
42 silly idealTree ├── ieee754@1.1.8
42 silly idealTree ├── indexof@0.0.1
42 silly idealTree ├── inflight@1.0.6
42 silly idealTree ├── inherits@2.0.3
42 silly idealTree ├── interpret@1.0.4
42 silly idealTree ├── invert-kv@1.0.0
42 silly idealTree ├── is-arrayish@0.2.1
42 silly idealTree ├── is-binary-path@1.0.1
42 silly idealTree ├── is-buffer@1.1.5
42 silly idealTree ├── is-builtin-module@1.0.0
42 silly idealTree ├── is-dotfile@1.0.3
42 silly idealTree ├── is-equal-shallow@0.1.3
42 silly idealTree ├── is-extendable@0.1.1
42 silly idealTree ├── is-extglob@2.1.1
42 silly idealTree ├── is-fullwidth-code-point@1.0.0
42 silly idealTree ├── is-glob@3.1.0
42 silly idealTree ├── is-my-json-valid@2.16.1
42 silly idealTree ├── is-number@2.1.0
42 silly idealTree ├── is-obj@1.0.1
42 silly idealTree ├── is-posix-bracket@0.1.1
42 silly idealTree ├── is-primitive@2.0.0
42 silly idealTree ├── is-property@1.0.2
42 silly idealTree ├── is-stream@1.1.0
42 silly idealTree ├── is-typedarray@1.0.0
42 silly idealTree ├── is-utf8@0.2.1
42 silly idealTree ├── is-valid-glob@0.3.0
42 silly idealTree ├── is@3.2.1
42 silly idealTree ├── isarray@1.0.0
42 silly idealTree ├── isexe@2.0.0
42 silly idealTree ├── isobject@2.1.0
42 silly idealTree ├── isstream@0.1.2
42 silly idealTree ├─┬ jade@0.26.3
42 silly idealTree │ ├── commander@0.6.1
42 silly idealTree │ └── mkdirp@0.3.0
42 silly idealTree ├── jquery@3.2.1
42 silly idealTree ├── jsbn@0.1.1
42 silly idealTree ├── json-loader@0.5.7
42 silly idealTree ├── json-schema-traverse@0.3.1
42 silly idealTree ├── json-schema@0.2.3
42 silly idealTree ├── json-stable-stringify@1.0.1
42 silly idealTree ├── json-stringify-safe@5.0.1
42 silly idealTree ├── json3@3.3.2
42 silly idealTree ├── json5@0.5.1
42 silly idealTree ├── jsonify@0.0.0
42 silly idealTree ├── jsonpointer@4.0.1
42 silly idealTree ├─┬ jsprim@1.4.1
42 silly idealTree │ └── assert-plus@1.0.0
42 silly idealTree ├── kind-of@3.2.2
42 silly idealTree ├── lazy-cache@1.0.4
42 silly idealTree ├── lazystream@1.0.0
42 silly idealTree ├── lcid@1.0.0
42 silly idealTree ├─┬ load-json-file@2.0.0
42 silly idealTree │ └── strip-bom@3.0.0
42 silly idealTree ├── loader-runner@2.3.0
42 silly idealTree ├── loader-utils@1.1.0
42 silly idealTree ├── locate-path@2.0.0
42 silly idealTree ├── lodash._baseassign@3.2.0
42 silly idealTree ├── lodash._basecopy@3.0.1
42 silly idealTree ├── lodash._basecreate@3.0.3
42 silly idealTree ├── lodash._basetostring@3.0.1
42 silly idealTree ├── lodash._basevalues@3.0.0
42 silly idealTree ├── lodash._getnative@3.9.1
42 silly idealTree ├── lodash._isiterateecall@3.0.9
42 silly idealTree ├── lodash._reescape@3.0.0
42 silly idealTree ├── lodash._reevaluate@3.0.0
42 silly idealTree ├── lodash._reinterpolate@3.0.0
42 silly idealTree ├── lodash._root@3.0.1
42 silly idealTree ├── lodash.create@3.1.1
42 silly idealTree ├── lodash.escape@3.2.0
42 silly idealTree ├── lodash.isarguments@3.1.0
42 silly idealTree ├── lodash.isarray@3.0.4
42 silly idealTree ├── lodash.isequal@4.5.0
42 silly idealTree ├── lodash.keys@3.1.2
42 silly idealTree ├── lodash.restparam@3.6.1
42 silly idealTree ├── lodash.template@3.6.2
42 silly idealTree ├── lodash.templatesettings@3.1.1
42 silly idealTree ├── lodash@4.17.4
42 silly idealTree ├── longest@1.0.1
42 silly idealTree ├── lru-cache@2.7.3
42 silly idealTree ├── map-stream@0.1.0
42 silly idealTree ├─┬ md5.js@1.3.4
42 silly idealTree │ └── hash-base@3.0.4
42 silly idealTree ├── mem@1.1.0
42 silly idealTree ├── memory-fs@0.4.1
42 silly idealTree ├── merge-stream@1.0.1
42 silly idealTree ├─┬ micromatch@2.3.11
42 silly idealTree │ ├── is-extglob@1.0.0
42 silly idealTree │ └── is-glob@2.0.1
42 silly idealTree ├── miller-rabin@4.0.1
42 silly idealTree ├── mime-db@1.30.0
42 silly idealTree ├── mime-types@2.1.17
42 silly idealTree ├── mimic-fn@1.1.0
42 silly idealTree ├── minimalistic-assert@1.0.0
42 silly idealTree ├── minimalistic-crypto-utils@1.0.1
42 silly idealTree ├── minimatch@0.3.0
42 silly idealTree ├── minimist@0.0.8
42 silly idealTree ├── mkdirp@0.5.1
42 silly idealTree ├── mocha@2.5.3
42 silly idealTree ├── ms@0.7.1
42 silly idealTree ├─┬ multimatch@2.1.0
42 silly idealTree │ └── minimatch@3.0.4
42 silly idealTree ├── multipipe@0.1.2
42 silly idealTree ├── nan@2.8.0
42 silly idealTree ├─┬ node-libs-browser@2.0.0
42 silly idealTree │ └── string_decoder@0.10.31
42 silly idealTree ├── node.extend@1.1.6
42 silly idealTree ├── normalize-package-data@2.4.0
42 silly idealTree ├── normalize-path@2.1.1
42 silly idealTree ├── npm-run-path@2.0.2
42 silly idealTree ├── number-is-nan@1.0.1
42 silly idealTree ├── oauth-sign@0.8.2
42 silly idealTree ├── object-assign@4.1.1
42 silly idealTree ├── object.omit@2.0.1
42 silly idealTree ├── once@1.4.0
42 silly idealTree ├── ordered-read-streams@0.3.0
42 silly idealTree ├── os-browserify@0.2.1
42 silly idealTree ├── os-locale@2.1.0
42 silly idealTree ├── p-finally@1.0.0
42 silly idealTree ├── p-limit@1.1.0
42 silly idealTree ├── p-locate@2.0.0
42 silly idealTree ├── pako@0.2.9
42 silly idealTree ├── parse-asn1@5.1.0
42 silly idealTree ├─┬ parse-glob@3.0.4
42 silly idealTree │ ├── is-extglob@1.0.0
42 silly idealTree │ └── is-glob@2.0.1
42 silly idealTree ├── parse-json@2.2.0
42 silly idealTree ├── parse5@3.0.2
42 silly idealTree ├── path-browserify@0.0.0
42 silly idealTree ├── path-dirname@1.0.2
42 silly idealTree ├── path-exists@3.0.0
42 silly idealTree ├── path-is-absolute@1.0.1
42 silly idealTree ├── path-key@2.0.1
42 silly idealTree ├── path-type@2.0.0
42 silly idealTree ├── pause-stream@0.0.11
42 silly idealTree ├── pbkdf2@3.0.14
42 silly idealTree ├── pend@1.2.0
42 silly idealTree ├── performance-now@2.1.0
42 silly idealTree ├── pify@2.3.0
42 silly idealTree ├── pinkie-promise@2.0.1
42 silly idealTree ├── pinkie@2.0.4
42 silly idealTree ├── preserve@0.2.0
42 silly idealTree ├── process-nextick-args@1.0.7
42 silly idealTree ├── process@0.11.10
42 silly idealTree ├── prr@0.0.0
42 silly idealTree ├── pseudomap@1.0.2
42 silly idealTree ├── public-encrypt@4.0.0
42 silly idealTree ├── punycode@1.4.1
42 silly idealTree ├── qs@6.3.2
42 silly idealTree ├── querystring-es3@0.2.1
42 silly idealTree ├── querystring@0.2.0
42 silly idealTree ├── querystringify@1.0.0
42 silly idealTree ├── queue@3.1.0
42 silly idealTree ├─┬ randomatic@1.1.7
42 silly idealTree │ ├─┬ is-number@3.0.0
42 silly idealTree │ │ └── kind-of@3.2.2
42 silly idealTree │ └── kind-of@4.0.0
42 silly idealTree ├── randombytes@2.0.5
42 silly idealTree ├── read-pkg-up@2.0.0
42 silly idealTree ├── read-pkg@2.0.0
42 silly idealTree ├── readable-stream@2.3.3
42 silly idealTree ├─┬ readdirp@2.1.0
42 silly idealTree │ └── minimatch@3.0.4
42 silly idealTree ├── regex-cache@0.4.4
42 silly idealTree ├── remove-trailing-separator@1.1.0
42 silly idealTree ├── repeat-element@1.1.2
42 silly idealTree ├── repeat-string@1.6.1
42 silly idealTree ├── replace-ext@0.0.1
42 silly idealTree ├─┬ request@2.83.0
42 silly idealTree │ ├── assert-plus@1.0.0
42 silly idealTree │ ├── aws-sign2@0.7.0
42 silly idealTree │ ├── boom@4.3.1
42 silly idealTree │ ├── caseless@0.12.0
42 silly idealTree │ ├─┬ cryptiles@3.1.2
42 silly idealTree │ │ └── boom@5.2.0
42 silly idealTree │ ├── form-data@2.3.1
42 silly idealTree │ ├── har-validator@5.0.3
42 silly idealTree │ ├── hawk@6.0.2
42 silly idealTree │ ├── hoek@4.2.0
42 silly idealTree │ ├── http-signature@1.2.0
42 silly idealTree │ ├── qs@6.5.1
42 silly idealTree │ ├── sntp@2.0.2
42 silly idealTree │ └── tunnel-agent@0.6.0
42 silly idealTree ├── require-directory@2.1.1
42 silly idealTree ├── require-main-filename@1.0.1
42 silly idealTree ├── requires-port@1.0.0
42 silly idealTree ├── right-align@0.1.3
42 silly idealTree ├─┬ rimraf@2.6.2
42 silly idealTree │ ├── glob@7.1.2
42 silly idealTree │ └── minimatch@3.0.4
42 silly idealTree ├── ripemd160@2.0.1
42 silly idealTree ├── safe-buffer@5.1.1
42 silly idealTree ├── semver@5.4.1
42 silly idealTree ├── set-blocking@2.0.0
42 silly idealTree ├── set-immediate-shim@1.0.1
42 silly idealTree ├── setimmediate@1.0.5
42 silly idealTree ├── sha.js@2.4.9
42 silly idealTree ├── shebang-command@1.2.0
42 silly idealTree ├── shebang-regex@1.0.0
42 silly idealTree ├── sigmund@1.0.1
42 silly idealTree ├── signal-exit@3.0.2
42 silly idealTree ├── sntp@1.0.9
42 silly idealTree ├── source-list-map@2.0.0
42 silly idealTree ├── source-map-support@0.4.18
42 silly idealTree ├── source-map@0.5.7
42 silly idealTree ├── sparkles@1.0.0
42 silly idealTree ├── spdx-correct@1.0.2
42 silly idealTree ├── spdx-expression-parse@1.0.4
42 silly idealTree ├── spdx-license-ids@1.2.2
42 silly idealTree ├── split@0.3.3
42 silly idealTree ├─┬ sshpk@1.13.1
42 silly idealTree │ └── assert-plus@1.0.0
42 silly idealTree ├── stat-mode@0.2.2
42 silly idealTree ├── stream-browserify@2.0.1
42 silly idealTree ├── stream-combiner@0.0.4
42 silly idealTree ├── stream-http@2.7.2
42 silly idealTree ├── stream-shift@1.0.0
42 silly idealTree ├── streamfilter@1.0.5
42 silly idealTree ├── streamifier@0.1.1
42 silly idealTree ├── string_decoder@1.0.3
42 silly idealTree ├─┬ string-width@2.1.1
42 silly idealTree │ ├── ansi-regex@3.0.0
42 silly idealTree │ ├── is-fullwidth-code-point@2.0.0
42 silly idealTree │ └── strip-ansi@4.0.0
42 silly idealTree ├── stringstream@0.0.5
42 silly idealTree ├── strip-ansi@3.0.1
42 silly idealTree ├── strip-bom-stream@1.0.0
42 silly idealTree ├── strip-bom@2.0.0
42 silly idealTree ├── strip-eof@1.0.0
42 silly idealTree ├── supports-color@1.2.0
42 silly idealTree ├── tapable@0.2.8
42 silly idealTree ├── tar@2.2.1
42 silly idealTree ├── through@2.3.8
42 silly idealTree ├── through2-filter@2.0.0
42 silly idealTree ├── through2@2.0.3
42 silly idealTree ├── time-stamp@1.1.0
42 silly idealTree ├── timers-browserify@2.0.4
42 silly idealTree ├── to-absolute-glob@0.1.1
42 silly idealTree ├── to-arraybuffer@1.0.1
42 silly idealTree ├── to-iso-string@0.0.2
42 silly idealTree ├── tough-cookie@2.3.3
42 silly idealTree ├── ts-loader@2.3.7
42 silly idealTree ├── tty-browserify@0.0.0
42 silly idealTree ├── tunnel-agent@0.4.3
42 silly idealTree ├── tweetnacl@0.14.5
42 silly idealTree ├── typedarray-to-buffer@3.1.2
42 silly idealTree ├── typescript@2.5.3
42 silly idealTree ├─┬ uglify-js@2.8.29
42 silly idealTree │ └── yargs@3.10.0
42 silly idealTree ├── uglify-to-browserify@1.0.2
42 silly idealTree ├── uglifyjs-webpack-plugin@0.4.6
42 silly idealTree ├── unique-stream@2.2.1
42 silly idealTree ├── url-parse@1.1.9
42 silly idealTree ├─┬ url@0.11.0
42 silly idealTree │ └── punycode@1.3.2
42 silly idealTree ├── util-deprecate@1.0.2
42 silly idealTree ├─┬ util@0.10.3
42 silly idealTree │ └── inherits@2.0.1
42 silly idealTree ├── uuid@3.1.0
42 silly idealTree ├── vali-date@1.0.0
42 silly idealTree ├── validate-npm-package-license@3.0.1
42 silly idealTree ├─┬ verror@1.10.0
42 silly idealTree │ └── assert-plus@1.0.0
42 silly idealTree ├─┬ vinyl-fs@2.4.4
42 silly idealTree │ └── vinyl@1.2.0
42 silly idealTree ├─┬ vinyl-source-stream@1.1.0
42 silly idealTree │ ├── clone@0.2.0
42 silly idealTree │ ├── isarray@0.0.1
42 silly idealTree │ ├── readable-stream@1.0.34
42 silly idealTree │ ├── string_decoder@0.10.31
42 silly idealTree │ ├── through2@0.6.5
42 silly idealTree │ └── vinyl@0.4.6
42 silly idealTree ├── vinyl@0.5.3
42 silly idealTree ├── vm-browserify@0.0.4
42 silly idealTree ├─┬ vscode@1.1.5
42 silly idealTree │ ├── commander@2.9.0
42 silly idealTree │ ├── debug@2.6.8
42 silly idealTree │ ├── diff@3.2.0
42 silly idealTree │ ├── escape-string-regexp@1.0.5
42 silly idealTree │ ├── glob@7.1.2
42 silly idealTree │ ├── has-flag@1.0.0
42 silly idealTree │ ├── minimatch@3.0.4
42 silly idealTree │ ├─┬ mocha@3.5.3
42 silly idealTree │ │ └── glob@7.1.1
42 silly idealTree │ ├── ms@2.0.0
42 silly idealTree │ └── supports-color@3.1.2
42 silly idealTree ├── watchpack@1.4.0
42 silly idealTree ├── webpack-sources@1.0.1
42 silly idealTree ├─┬ webpack@3.6.0
42 silly idealTree │ └── supports-color@4.4.0
42 silly idealTree ├── websocket@1.0.25
42 silly idealTree ├── which-module@2.0.0
42 silly idealTree ├── which@1.3.0
42 silly idealTree ├── window-size@0.1.0
42 silly idealTree ├── wordwrap@0.0.2
42 silly idealTree ├─┬ wrap-ansi@2.1.0
42 silly idealTree │ └── string-width@1.0.2
42 silly idealTree ├── wrappy@1.0.2
42 silly idealTree ├── xtend@4.0.1
42 silly idealTree ├── y18n@3.2.1
42 silly idealTree ├── yaeti@0.0.6
42 silly idealTree ├── yallist@2.1.2
42 silly idealTree ├─┬ yargs-parser@7.0.0
42 silly idealTree │ └── camelcase@4.1.0
42 silly idealTree ├─┬ yargs@8.0.2
42 silly idealTree │ ├── camelcase@4.1.0
42 silly idealTree │ └─┬ cliui@3.2.0
42 silly idealTree │   └── string-width@1.0.2
42 silly idealTree ├── yauzl@2.8.0
42 silly idealTree └── yazl@2.4.2
43 silly generateActionsToTake Starting
44 silly install generateActionsToTake
45 silly generateActionsToTake Finishing
46 silly diffTrees action count 0
47 silly decomposeActions action count 0
48 silly runTopLevelLifecycles Starting
49 silly install runPreinstallTopLevelLifecycles
50 silly preinstall vscode-joy-editor@0.0.9 /home/crippenre/dev/js/vscode-joy-editor/vscode-joy-editor-65123c73
51 info lifecycle vscode-joy-editor@0.0.9~preinstall: vscode-joy-editor@0.0.9
52 silly lifecycle vscode-joy-editor@0.0.9~preinstall: no script for preinstall, continuing
53 silly executeActions Starting
54 silly install executeActions
55 silly doSerial global-install 0
56 silly doParallel fetch 0
57 verbose correctMkdir /home/crippenre/.npm/_locks correctMkdir not in flight; initializing
58 verbose lock using /home/crippenre/.npm/_locks/staging-c172c786ca623e4a.lock for /home/crippenre/dev/js/vscode-joy-editor/node_modules/.staging
59 silly doParallel extract 0
60 silly doParallel preinstall 0
61 silly doReverseSerial remove 0
62 silly doSerial move 0
63 silly doSerial finalize 0
64 silly doSerial build 0
65 silly doSerial global-link 0
66 silly doParallel update-linked 0
67 silly doSerial install 0
68 silly doSerial postinstall 0
69 verbose unlock done using /home/crippenre/.npm/_locks/staging-c172c786ca623e4a.lock for /home/crippenre/dev/js/vscode-joy-editor/node_modules/.staging
70 silly executeActions Finishing
71 silly rollbackFailedOptional Starting
72 silly rollbackFailedOptional Finishing
73 silly install runPostinstallTopLevelLifecycles
74 silly build vscode-joy-editor@0.0.9
75 info linkStuff vscode-joy-editor@0.0.9
76 silly linkStuff vscode-joy-editor@0.0.9 has /home/crippenre/dev/js as its parent node_modules
77 verbose linkBins vscode-joy-editor@0.0.9
78 verbose linkMans vscode-joy-editor@0.0.9
79 silly install vscode-joy-editor@0.0.9 /home/crippenre/dev/js/vscode-joy-editor/vscode-joy-editor-65123c73
80 info lifecycle vscode-joy-editor@0.0.9~install: vscode-joy-editor@0.0.9
81 silly lifecycle vscode-joy-editor@0.0.9~install: no script for install, continuing
82 silly postinstall vscode-joy-editor@0.0.9 /home/crippenre/dev/js/vscode-joy-editor/vscode-joy-editor-65123c73
83 info lifecycle vscode-joy-editor@0.0.9~postinstall: vscode-joy-editor@0.0.9
84 verbose lifecycle vscode-joy-editor@0.0.9~postinstall: unsafe-perm in lifecycle true
85 verbose lifecycle vscode-joy-editor@0.0.9~postinstall: PATH: /home/crippenre/applications/node-v6.11.3-linux-x64/lib/node_modules/npm/bin/node-gyp-bin:/home/crippenre/dev/js/vscode-joy-editor/node_modules/.bin:/usr/lib64/qt-3.3/bin:/usr/local/bin:/usr/local/sbin:/usr/bin:/usr/sbin:/bin:/sbin:/home/crippenre/.local/bin:/home/crippenre/bin:/home/crippenre/applications/node-v6.11.3-linux-x64/bin:/home/crippenre/.local/bin:/home/crippenre/bin:/home/crippenre/applications/node-v6.11.3-linux-x64/bin:/home/crippenre/.local/bin:/home/crippenre/bin:/home/crippenre/applications/node-v6.11.3-linux-x64/bin
86 verbose lifecycle vscode-joy-editor@0.0.9~postinstall: CWD: /home/crippenre/dev/js/vscode-joy-editor
87 silly lifecycle vscode-joy-editor@0.0.9~postinstall: Args: [ '-c', 'node ./node_modules/vscode/bin/install' ]
88 silly lifecycle vscode-joy-editor@0.0.9~postinstall: Returned: code: 1  signal: null
89 info lifecycle vscode-joy-editor@0.0.9~postinstall: Failed to exec postinstall script
90 warn optional SKIPPING OPTIONAL DEPENDENCY: fsevents@^1.0.0 (node_modules/chokidar/node_modules/fsevents):
91 warn notsup SKIPPING OPTIONAL DEPENDENCY: Unsupported platform for fsevents@1.1.3: wanted {"os":"darwin","arch":"any"} (current: {"os":"linux","arch":"x64"})
92 verbose notsup SKIPPING OPTIONAL DEPENDENCY: Valid OS:    darwin
92 verbose notsup SKIPPING OPTIONAL DEPENDENCY: Valid Arch:  any
92 verbose notsup SKIPPING OPTIONAL DEPENDENCY: Actual OS:   linux
92 verbose notsup SKIPPING OPTIONAL DEPENDENCY: Actual Arch: x64
93 verbose stack Error: vscode-joy-editor@0.0.9 postinstall: `node ./node_modules/vscode/bin/install`
93 verbose stack Exit status 1
93 verbose stack     at EventEmitter.<anonymous> (/home/crippenre/applications/node-v6.11.3-linux-x64/lib/node_modules/npm/lib/utils/lifecycle.js:255:16)
93 verbose stack     at emitTwo (events.js:106:13)
93 verbose stack     at EventEmitter.emit (events.js:191:7)
93 verbose stack     at ChildProcess.<anonymous> (/home/crippenre/applications/node-v6.11.3-linux-x64/lib/node_modules/npm/lib/utils/spawn.js:40:14)
93 verbose stack     at emitTwo (events.js:106:13)
93 verbose stack     at ChildProcess.emit (events.js:191:7)
93 verbose stack     at maybeClose (internal/child_process.js:920:16)
93 verbose stack     at Process.ChildProcess._handle.onexit (internal/child_process.js:230:5)
94 verbose pkgid vscode-joy-editor@0.0.9
95 verbose cwd /home/crippenre/dev/js/vscode-joy-editor
96 error Linux 3.10.0-514.26.2.el7.x86_64
97 error argv "/home/crippenre/applications/node-v6.11.3-linux-x64/bin/node" "/home/crippenre/applications/node-v6.11.3-linux-x64/bin/npm" "install"
98 error node v6.11.3
99 error npm  v3.10.10
100 error code ELIFECYCLE
101 error vscode-joy-editor@0.0.9 postinstall: `node ./node_modules/vscode/bin/install`
101 error Exit status 1
102 error Failed at the vscode-joy-editor@0.0.9 postinstall script 'node ./node_modules/vscode/bin/install'.
102 error Make sure you have the latest version of node.js and npm installed.
102 error If you do, this is most likely a problem with the vscode-joy-editor package,
102 error not with npm itself.
102 error Tell the author that this fails on your system:
102 error     node ./node_modules/vscode/bin/install
102 error You can get information on how to open an issue for this project with:
102 error     npm bugs vscode-joy-editor
102 error Or if that isn't available, you can get their info via:
102 error     npm owner ls vscode-joy-editor
102 error There is likely additional logging output above.
103 verbose exit [ 1, true ]
